nohup: ignoring input
Logged in as GovLink#9831!
(node:167855) Warning: Supplying "ephemeral" for interaction response options is deprecated. Utilize flags instead.
(Use `node --trace-warnings ...` to show where the warning was created)
Error processing follow-up request: DiscordAPIError[50013]: Missing Permissions
    at handleErrors (/home/vincent/documents/projects/govlink-bot/node_modules/@discordjs/rest/dist/index.js:762:13)
    at process.processTicksAndRejections (node:internal/process/task_queues:95:5)
    at async SequentialHandler.runRequest (/home/vincent/documents/projects/govlink-bot/node_modules/@discordjs/rest/dist/index.js:1163:23)
    at async SequentialHandler.queueRequest (/home/vincent/documents/projects/govlink-bot/node_modules/@discordjs/rest/dist/index.js:994:14)
    at async _REST.request (/home/vincent/documents/projects/govlink-bot/node_modules/@discordjs/rest/dist/index.js:1307:22)
    at async ReactionManager.removeAll (/home/vincent/documents/projects/govlink-bot/node_modules/discord.js/src/managers/ReactionManager.js:63:5)
    at async Client.<anonymous> (file:///home/vincent/documents/projects/govlink-bot/app.js:120:11) {
  requestBody: { files: undefined, json: undefined },
  rawError: { message: 'Missing Permissions', code: 50013 },
  code: 50013,
  status: 403,
  method: 'DELETE',
  url: 'https://discord.com/api/v10/channels/1363872605458923530/messages/1418863986916458576/reactions'
}
DiscordAPIError[50013]: Missing Permissions
    at handleErrors (/home/vincent/documents/projects/govlink-bot/node_modules/@discordjs/rest/dist/index.js:762:13)
    at process.processTicksAndRejections (node:internal/process/task_queues:95:5)
    at async SequentialHandler.runRequest (/home/vincent/documents/projects/govlink-bot/node_modules/@discordjs/rest/dist/index.js:1163:23)
    at async SequentialHandler.queueRequest (/home/vincent/documents/projects/govlink-bot/node_modules/@discordjs/rest/dist/index.js:994:14)
    at async _REST.request (/home/vincent/documents/projects/govlink-bot/node_modules/@discordjs/rest/dist/index.js:1307:22)
    at async ReactionManager.removeAll (/home/vincent/documents/projects/govlink-bot/node_modules/discord.js/src/managers/ReactionManager.js:63:5)
    at async Client.<anonymous> (file:///home/vincent/documents/projects/govlink-bot/app.js:133:9) {
  requestBody: { files: undefined, json: undefined },
  rawError: { message: 'Missing Permissions', code: 50013 },
  code: 50013,
  status: 403,
  method: 'DELETE',
  url: 'https://discord.com/api/v10/channels/1363872605458923530/messages/1418863986916458576/reactions'
}
